<?xml version="1.0" encoding="UTF-8"?>
<!-- Generated by org.testng.reporters.JUnitReportReporter -->
<testsuite hostname="LAPTOP-47KEHV7J" failures="0" tests="1" name="DemoTest.Parameter" time="2.726" errors="0" timestamp="2023-04-19T19:52:22 IST" skipped="0">
  <testcase classname="DemoTest.Parameter" name="display" time="2.726"/>
  <system-out/>
</testsuite> <!-- DemoTest.Parameter -->
