<?xml version="1.0" encoding="UTF-8"?>
<!-- Generated by org.testng.reporters.JUnitReportReporter -->
<testsuite hostname="LAPTOP-47KEHV7J" failures="0" tests="1" name="DemoTest.Parameter" time="1.545" errors="0" timestamp="2023-04-26T17:23:38 IST" skipped="0">
  <testcase classname="DemoTest.Parameter" name="display" time="1.545"/>
  <system-out/>
</testsuite> <!-- DemoTest.Parameter -->
