<?xml version="1.0" encoding="UTF-8"?>
<!-- Generated by org.testng.reporters.JUnitReportReporter -->
<testsuite hostname="LAPTOP-47KEHV7J" failures="0" tests="1" name="DemoTest.Demo" time="0.007" errors="0" timestamp="2023-04-19T13:59:19 IST" skipped="0">
  <testcase classname="DemoTest.Demo" name="display" time="0.007"/>
  <system-out/>
</testsuite> <!-- DemoTest.Demo -->
